2019-07-03 14:09:24.739  INFO 15686 --- [main] com.example.demo.DemoApplication         : Starting DemoApplication on bogon with PID 15686 (/Users/victor/java_project/demo1/target/classes started by victor in /Users/victor/java_project/demo1)
2019-07-03 14:09:24.749  INFO 15686 --- [main] com.example.demo.DemoApplication         : The following profiles are active: test
2019-07-03 14:09:25.879  INFO 15686 --- [main] o.s.b.w.embedded.tomcat.TomcatWebServer  : Tomcat initialized with port(s): 8090 (http)
2019-07-03 14:09:25.899  INFO 15686 --- [main] o.apache.catalina.core.StandardService   : Starting service [Tomcat]
2019-07-03 14:09:25.899  INFO 15686 --- [main] org.apache.catalina.core.StandardEngine  : Starting Servlet engine: [Apache Tomcat/9.0.21]
2019-07-03 14:09:26.054  INFO 15686 --- [main] o.a.c.c.C.[Tomcat].[localhost].[/]       : Initializing Spring embedded WebApplicationContext
2019-07-03 14:09:26.054  INFO 15686 --- [main] o.s.web.context.ContextLoader            : Root WebApplicationContext: initialization completed in 1205 ms
2019-07-03 14:09:26.384  INFO 15686 --- [main] o.s.s.concurrent.ThreadPoolTaskExecutor  : Initializing ExecutorService 'applicationTaskExecutor'
2019-07-03 14:09:26.479  WARN 15686 --- [main] org.thymeleaf.templatemode.TemplateMode  : [THYMELEAF][main] Template Mode 'HTML5' is deprecated. Using Template Mode 'HTML' instead.
2019-07-03 14:09:26.512  INFO 15686 --- [main] o.s.b.a.w.s.WelcomePageHandlerMapping    : Adding welcome page template: index
2019-07-03 14:09:26.611  INFO 15686 --- [main] o.s.b.w.embedded.tomcat.TomcatWebServer  : Tomcat started on port(s): 8090 (http) with context path ''
2019-07-03 14:09:26.614  INFO 15686 --- [main] com.example.demo.DemoApplication         : Started DemoApplication in 2.409 seconds (JVM running for 3.148)
2019-07-03 16:22:37.840  INFO 15686 --- [Thread-7] o.s.s.concurrent.ThreadPoolTaskExecutor  : Shutting down ExecutorService 'applicationTaskExecutor'
2019-07-03 16:22:44.058 ERROR 15860 --- [main] o.s.boot.SpringApplication               : Application run failed

org.springframework.boot.context.properties.bind.BindException: Failed to bind properties under 'logging.level' to java.util.Map<java.lang.String, java.lang.String>
	at org.springframework.boot.context.properties.bind.Binder.handleBindError(Binder.java:242) ~[spring-boot-2.1.6.RELEASE.jar:2.1.6.RELEASE]
	at org.springframework.boot.context.properties.bind.Binder.bind(Binder.java:218) ~[spring-boot-2.1.6.RELEASE.jar:2.1.6.RELEASE]
	at org.springframework.boot.context.properties.bind.Binder.bind(Binder.java:202) ~[spring-boot-2.1.6.RELEASE.jar:2.1.6.RELEASE]
	at org.springframework.boot.context.properties.bind.Binder.bind(Binder.java:172) ~[spring-boot-2.1.6.RELEASE.jar:2.1.6.RELEASE]
	at org.springframework.boot.context.logging.LoggingApplicationListener.setLogLevels(LoggingApplicationListener.java:328) ~[spring-boot-2.1.6.RELEASE.jar:2.1.6.RELEASE]
	at org.springframework.boot.context.logging.LoggingApplicationListener.initializeFinalLoggingLevels(LoggingApplicationListener.java:304) ~[spring-boot-2.1.6.RELEASE.jar:2.1.6.RELEASE]
	at org.springframework.boot.context.logging.LoggingApplicationListener.initialize(LoggingApplicationListener.java:255) ~[spring-boot-2.1.6.RELEASE.jar:2.1.6.RELEASE]
	at org.springframework.boot.context.logging.LoggingApplicationListener.onApplicationEnvironmentPreparedEvent(LoggingApplicationListener.java:219) ~[spring-boot-2.1.6.RELEASE.jar:2.1.6.RELEASE]
	at org.springframework.boot.context.logging.LoggingApplicationListener.onApplicationEvent(LoggingApplicationListener.java:196) ~[spring-boot-2.1.6.RELEASE.jar:2.1.6.RELEASE]
	at org.springframework.context.event.SimpleApplicationEventMulticaster.doInvokeListener(SimpleApplicationEventMulticaster.java:172) ~[spring-context-5.1.8.RELEASE.jar:5.1.8.RELEASE]
	at org.springframework.context.event.SimpleApplicationEventMulticaster.invokeListener(SimpleApplicationEventMulticaster.java:165) ~[spring-context-5.1.8.RELEASE.jar:5.1.8.RELEASE]
	at org.springframework.context.event.SimpleApplicationEventMulticaster.multicastEvent(SimpleApplicationEventMulticaster.java:139) ~[spring-context-5.1.8.RELEASE.jar:5.1.8.RELEASE]
	at org.springframework.context.event.SimpleApplicationEventMulticaster.multicastEvent(SimpleApplicationEventMulticaster.java:127) ~[spring-context-5.1.8.RELEASE.jar:5.1.8.RELEASE]
	at org.springframework.boot.context.event.EventPublishingRunListener.environmentPrepared(EventPublishingRunListener.java:75) ~[spring-boot-2.1.6.RELEASE.jar:2.1.6.RELEASE]
	at org.springframework.boot.SpringApplicationRunListeners.environmentPrepared(SpringApplicationRunListeners.java:53) ~[spring-boot-2.1.6.RELEASE.jar:2.1.6.RELEASE]
	at org.springframework.boot.SpringApplication.prepareEnvironment(SpringApplication.java:340) [spring-boot-2.1.6.RELEASE.jar:2.1.6.RELEASE]
	at org.springframework.boot.SpringApplication.run(SpringApplication.java:304) [spring-boot-2.1.6.RELEASE.jar:2.1.6.RELEASE]
	at org.springframework.boot.SpringApplication.run(SpringApplication.java:1213) [spring-boot-2.1.6.RELEASE.jar:2.1.6.RELEASE]
	at org.springframework.boot.SpringApplication.run(SpringApplication.java:1202) [spring-boot-2.1.6.RELEASE.jar:2.1.6.RELEASE]
	at com.example.demo.DemoApplication.main(DemoApplication.java:12) [classes/:na]
Caused by: org.springframework.core.convert.ConverterNotFoundException: No converter found capable of converting from type [java.lang.String] to type [java.util.Map<java.lang.String, java.lang.String>]
	at org.springframework.core.convert.support.GenericConversionService.handleConverterNotFound(GenericConversionService.java:321) ~[spring-core-5.1.8.RELEASE.jar:5.1.8.RELEASE]
	at org.springframework.core.convert.support.GenericConversionService.convert(GenericConversionService.java:194) ~[spring-core-5.1.8.RELEASE.jar:5.1.8.RELEASE]
	at org.springframework.boot.context.properties.bind.BindConverter$CompositeConversionService.convert(BindConverter.java:170) ~[spring-boot-2.1.6.RELEASE.jar:2.1.6.RELEASE]
	at org.springframework.boot.context.properties.bind.BindConverter.convert(BindConverter.java:96) ~[spring-boot-2.1.6.RELEASE.jar:2.1.6.RELEASE]
	at org.springframework.boot.context.properties.bind.BindConverter.convert(BindConverter.java:88) ~[spring-boot-2.1.6.RELEASE.jar:2.1.6.RELEASE]
	at org.springframework.boot.context.properties.bind.MapBinder.bindAggregate(MapBinder.java:64) ~[spring-boot-2.1.6.RELEASE.jar:2.1.6.RELEASE]
	at org.springframework.boot.context.properties.bind.AggregateBinder.bind(AggregateBinder.java:56) ~[spring-boot-2.1.6.RELEASE.jar:2.1.6.RELEASE]
	at org.springframework.boot.context.properties.bind.Binder.lambda$bindAggregate$2(Binder.java:293) ~[spring-boot-2.1.6.RELEASE.jar:2.1.6.RELEASE]
	at org.springframework.boot.context.properties.bind.Binder$Context.withIncreasedDepth(Binder.java:429) ~[spring-boot-2.1.6.RELEASE.jar:2.1.6.RELEASE]
	at org.springframework.boot.context.properties.bind.Binder$Context.access$100(Binder.java:372) ~[spring-boot-2.1.6.RELEASE.jar:2.1.6.RELEASE]
	at org.springframework.boot.context.properties.bind.Binder.bindAggregate(Binder.java:293) ~[spring-boot-2.1.6.RELEASE.jar:2.1.6.RELEASE]
	at org.springframework.boot.context.properties.bind.Binder.bindObject(Binder.java:254) ~[spring-boot-2.1.6.RELEASE.jar:2.1.6.RELEASE]
	at org.springframework.boot.context.properties.bind.Binder.bind(Binder.java:214) ~[spring-boot-2.1.6.RELEASE.jar:2.1.6.RELEASE]
	... 18 common frames omitted

2019-07-03 16:23:04.730 ERROR 15862 --- [main] o.s.boot.SpringApplication               : Application run failed

org.springframework.boot.context.properties.bind.BindException: Failed to bind properties under 'logging.level' to java.util.Map<java.lang.String, java.lang.String>
	at org.springframework.boot.context.properties.bind.Binder.handleBindError(Binder.java:242) ~[spring-boot-2.1.6.RELEASE.jar:2.1.6.RELEASE]
	at org.springframework.boot.context.properties.bind.Binder.bind(Binder.java:218) ~[spring-boot-2.1.6.RELEASE.jar:2.1.6.RELEASE]
	at org.springframework.boot.context.properties.bind.Binder.bind(Binder.java:202) ~[spring-boot-2.1.6.RELEASE.jar:2.1.6.RELEASE]
	at org.springframework.boot.context.properties.bind.Binder.bind(Binder.java:172) ~[spring-boot-2.1.6.RELEASE.jar:2.1.6.RELEASE]
	at org.springframework.boot.context.logging.LoggingApplicationListener.setLogLevels(LoggingApplicationListener.java:328) ~[spring-boot-2.1.6.RELEASE.jar:2.1.6.RELEASE]
	at org.springframework.boot.context.logging.LoggingApplicationListener.initializeFinalLoggingLevels(LoggingApplicationListener.java:304) ~[spring-boot-2.1.6.RELEASE.jar:2.1.6.RELEASE]
	at org.springframework.boot.context.logging.LoggingApplicationListener.initialize(LoggingApplicationListener.java:255) ~[spring-boot-2.1.6.RELEASE.jar:2.1.6.RELEASE]
	at org.springframework.boot.context.logging.LoggingApplicationListener.onApplicationEnvironmentPreparedEvent(LoggingApplicationListener.java:219) ~[spring-boot-2.1.6.RELEASE.jar:2.1.6.RELEASE]
	at org.springframework.boot.context.logging.LoggingApplicationListener.onApplicationEvent(LoggingApplicationListener.java:196) ~[spring-boot-2.1.6.RELEASE.jar:2.1.6.RELEASE]
	at org.springframework.context.event.SimpleApplicationEventMulticaster.doInvokeListener(SimpleApplicationEventMulticaster.java:172) ~[spring-context-5.1.8.RELEASE.jar:5.1.8.RELEASE]
	at org.springframework.context.event.SimpleApplicationEventMulticaster.invokeListener(SimpleApplicationEventMulticaster.java:165) ~[spring-context-5.1.8.RELEASE.jar:5.1.8.RELEASE]
	at org.springframework.context.event.SimpleApplicationEventMulticaster.multicastEvent(SimpleApplicationEventMulticaster.java:139) ~[spring-context-5.1.8.RELEASE.jar:5.1.8.RELEASE]
	at org.springframework.context.event.SimpleApplicationEventMulticaster.multicastEvent(SimpleApplicationEventMulticaster.java:127) ~[spring-context-5.1.8.RELEASE.jar:5.1.8.RELEASE]
	at org.springframework.boot.context.event.EventPublishingRunListener.environmentPrepared(EventPublishingRunListener.java:75) ~[spring-boot-2.1.6.RELEASE.jar:2.1.6.RELEASE]
	at org.springframework.boot.SpringApplicationRunListeners.environmentPrepared(SpringApplicationRunListeners.java:53) ~[spring-boot-2.1.6.RELEASE.jar:2.1.6.RELEASE]
	at org.springframework.boot.SpringApplication.prepareEnvironment(SpringApplication.java:340) [spring-boot-2.1.6.RELEASE.jar:2.1.6.RELEASE]
	at org.springframework.boot.SpringApplication.run(SpringApplication.java:304) [spring-boot-2.1.6.RELEASE.jar:2.1.6.RELEASE]
	at org.springframework.boot.SpringApplication.run(SpringApplication.java:1213) [spring-boot-2.1.6.RELEASE.jar:2.1.6.RELEASE]
	at org.springframework.boot.SpringApplication.run(SpringApplication.java:1202) [spring-boot-2.1.6.RELEASE.jar:2.1.6.RELEASE]
	at com.example.demo.DemoApplication.main(DemoApplication.java:11) [classes/:na]
Caused by: org.springframework.core.convert.ConverterNotFoundException: No converter found capable of converting from type [java.lang.String] to type [java.util.Map<java.lang.String, java.lang.String>]
	at org.springframework.core.convert.support.GenericConversionService.handleConverterNotFound(GenericConversionService.java:321) ~[spring-core-5.1.8.RELEASE.jar:5.1.8.RELEASE]
	at org.springframework.core.convert.support.GenericConversionService.convert(GenericConversionService.java:194) ~[spring-core-5.1.8.RELEASE.jar:5.1.8.RELEASE]
	at org.springframework.boot.context.properties.bind.BindConverter$CompositeConversionService.convert(BindConverter.java:170) ~[spring-boot-2.1.6.RELEASE.jar:2.1.6.RELEASE]
	at org.springframework.boot.context.properties.bind.BindConverter.convert(BindConverter.java:96) ~[spring-boot-2.1.6.RELEASE.jar:2.1.6.RELEASE]
	at org.springframework.boot.context.properties.bind.BindConverter.convert(BindConverter.java:88) ~[spring-boot-2.1.6.RELEASE.jar:2.1.6.RELEASE]
	at org.springframework.boot.context.properties.bind.MapBinder.bindAggregate(MapBinder.java:64) ~[spring-boot-2.1.6.RELEASE.jar:2.1.6.RELEASE]
	at org.springframework.boot.context.properties.bind.AggregateBinder.bind(AggregateBinder.java:56) ~[spring-boot-2.1.6.RELEASE.jar:2.1.6.RELEASE]
	at org.springframework.boot.context.properties.bind.Binder.lambda$bindAggregate$2(Binder.java:293) ~[spring-boot-2.1.6.RELEASE.jar:2.1.6.RELEASE]
	at org.springframework.boot.context.properties.bind.Binder$Context.withIncreasedDepth(Binder.java:429) ~[spring-boot-2.1.6.RELEASE.jar:2.1.6.RELEASE]
	at org.springframework.boot.context.properties.bind.Binder$Context.access$100(Binder.java:372) ~[spring-boot-2.1.6.RELEASE.jar:2.1.6.RELEASE]
	at org.springframework.boot.context.properties.bind.Binder.bindAggregate(Binder.java:293) ~[spring-boot-2.1.6.RELEASE.jar:2.1.6.RELEASE]
	at org.springframework.boot.context.properties.bind.Binder.bindObject(Binder.java:254) ~[spring-boot-2.1.6.RELEASE.jar:2.1.6.RELEASE]
	at org.springframework.boot.context.properties.bind.Binder.bind(Binder.java:214) ~[spring-boot-2.1.6.RELEASE.jar:2.1.6.RELEASE]
	... 18 common frames omitted

2019-07-03 16:23:14.041 ERROR 15864 --- [main] o.s.boot.SpringApplication               : Application run failed

org.springframework.boot.context.properties.bind.BindException: Failed to bind properties under 'logging.level' to java.util.Map<java.lang.String, java.lang.String>
	at org.springframework.boot.context.properties.bind.Binder.handleBindError(Binder.java:242) ~[spring-boot-2.1.6.RELEASE.jar:2.1.6.RELEASE]
	at org.springframework.boot.context.properties.bind.Binder.bind(Binder.java:218) ~[spring-boot-2.1.6.RELEASE.jar:2.1.6.RELEASE]
	at org.springframework.boot.context.properties.bind.Binder.bind(Binder.java:202) ~[spring-boot-2.1.6.RELEASE.jar:2.1.6.RELEASE]
	at org.springframework.boot.context.properties.bind.Binder.bind(Binder.java:172) ~[spring-boot-2.1.6.RELEASE.jar:2.1.6.RELEASE]
	at org.springframework.boot.context.logging.LoggingApplicationListener.setLogLevels(LoggingApplicationListener.java:328) ~[spring-boot-2.1.6.RELEASE.jar:2.1.6.RELEASE]
	at org.springframework.boot.context.logging.LoggingApplicationListener.initializeFinalLoggingLevels(LoggingApplicationListener.java:304) ~[spring-boot-2.1.6.RELEASE.jar:2.1.6.RELEASE]
	at org.springframework.boot.context.logging.LoggingApplicationListener.initialize(LoggingApplicationListener.java:255) ~[spring-boot-2.1.6.RELEASE.jar:2.1.6.RELEASE]
	at org.springframework.boot.context.logging.LoggingApplicationListener.onApplicationEnvironmentPreparedEvent(LoggingApplicationListener.java:219) ~[spring-boot-2.1.6.RELEASE.jar:2.1.6.RELEASE]
	at org.springframework.boot.context.logging.LoggingApplicationListener.onApplicationEvent(LoggingApplicationListener.java:196) ~[spring-boot-2.1.6.RELEASE.jar:2.1.6.RELEASE]
	at org.springframework.context.event.SimpleApplicationEventMulticaster.doInvokeListener(SimpleApplicationEventMulticaster.java:172) ~[spring-context-5.1.8.RELEASE.jar:5.1.8.RELEASE]
	at org.springframework.context.event.SimpleApplicationEventMulticaster.invokeListener(SimpleApplicationEventMulticaster.java:165) ~[spring-context-5.1.8.RELEASE.jar:5.1.8.RELEASE]
	at org.springframework.context.event.SimpleApplicationEventMulticaster.multicastEvent(SimpleApplicationEventMulticaster.java:139) ~[spring-context-5.1.8.RELEASE.jar:5.1.8.RELEASE]
	at org.springframework.context.event.SimpleApplicationEventMulticaster.multicastEvent(SimpleApplicationEventMulticaster.java:127) ~[spring-context-5.1.8.RELEASE.jar:5.1.8.RELEASE]
	at org.springframework.boot.context.event.EventPublishingRunListener.environmentPrepared(EventPublishingRunListener.java:75) ~[spring-boot-2.1.6.RELEASE.jar:2.1.6.RELEASE]
	at org.springframework.boot.SpringApplicationRunListeners.environmentPrepared(SpringApplicationRunListeners.java:53) ~[spring-boot-2.1.6.RELEASE.jar:2.1.6.RELEASE]
	at org.springframework.boot.SpringApplication.prepareEnvironment(SpringApplication.java:340) [spring-boot-2.1.6.RELEASE.jar:2.1.6.RELEASE]
	at org.springframework.boot.SpringApplication.run(SpringApplication.java:304) [spring-boot-2.1.6.RELEASE.jar:2.1.6.RELEASE]
	at org.springframework.boot.SpringApplication.run(SpringApplication.java:1213) [spring-boot-2.1.6.RELEASE.jar:2.1.6.RELEASE]
	at org.springframework.boot.SpringApplication.run(SpringApplication.java:1202) [spring-boot-2.1.6.RELEASE.jar:2.1.6.RELEASE]
	at com.example.demo.DemoApplication.main(DemoApplication.java:11) [classes/:na]
Caused by: org.springframework.core.convert.ConverterNotFoundException: No converter found capable of converting from type [java.lang.String] to type [java.util.Map<java.lang.String, java.lang.String>]
	at org.springframework.core.convert.support.GenericConversionService.handleConverterNotFound(GenericConversionService.java:321) ~[spring-core-5.1.8.RELEASE.jar:5.1.8.RELEASE]
	at org.springframework.core.convert.support.GenericConversionService.convert(GenericConversionService.java:194) ~[spring-core-5.1.8.RELEASE.jar:5.1.8.RELEASE]
	at org.springframework.boot.context.properties.bind.BindConverter$CompositeConversionService.convert(BindConverter.java:170) ~[spring-boot-2.1.6.RELEASE.jar:2.1.6.RELEASE]
	at org.springframework.boot.context.properties.bind.BindConverter.convert(BindConverter.java:96) ~[spring-boot-2.1.6.RELEASE.jar:2.1.6.RELEASE]
	at org.springframework.boot.context.properties.bind.BindConverter.convert(BindConverter.java:88) ~[spring-boot-2.1.6.RELEASE.jar:2.1.6.RELEASE]
	at org.springframework.boot.context.properties.bind.MapBinder.bindAggregate(MapBinder.java:64) ~[spring-boot-2.1.6.RELEASE.jar:2.1.6.RELEASE]
	at org.springframework.boot.context.properties.bind.AggregateBinder.bind(AggregateBinder.java:56) ~[spring-boot-2.1.6.RELEASE.jar:2.1.6.RELEASE]
	at org.springframework.boot.context.properties.bind.Binder.lambda$bindAggregate$2(Binder.java:293) ~[spring-boot-2.1.6.RELEASE.jar:2.1.6.RELEASE]
	at org.springframework.boot.context.properties.bind.Binder$Context.withIncreasedDepth(Binder.java:429) ~[spring-boot-2.1.6.RELEASE.jar:2.1.6.RELEASE]
	at org.springframework.boot.context.properties.bind.Binder$Context.access$100(Binder.java:372) ~[spring-boot-2.1.6.RELEASE.jar:2.1.6.RELEASE]
	at org.springframework.boot.context.properties.bind.Binder.bindAggregate(Binder.java:293) ~[spring-boot-2.1.6.RELEASE.jar:2.1.6.RELEASE]
	at org.springframework.boot.context.properties.bind.Binder.bindObject(Binder.java:254) ~[spring-boot-2.1.6.RELEASE.jar:2.1.6.RELEASE]
	at org.springframework.boot.context.properties.bind.Binder.bind(Binder.java:214) ~[spring-boot-2.1.6.RELEASE.jar:2.1.6.RELEASE]
	... 18 common frames omitted

2019-07-03 16:23:46.595  INFO 15866 --- [main] com.example.demo.DemoApplication         : Starting DemoApplication on bogon with PID 15866 (/Users/victor/java_project/demo1/target/classes started by victor in /Users/victor/java_project/demo1)
2019-07-03 16:23:46.600  INFO 15866 --- [main] com.example.demo.DemoApplication         : The following profiles are active: test
2019-07-03 16:23:47.774  INFO 15866 --- [main] o.s.b.w.embedded.tomcat.TomcatWebServer  : Tomcat initialized with port(s): 8090 (http)
2019-07-03 16:23:47.798  INFO 15866 --- [main] o.apache.catalina.core.StandardService   : Starting service [Tomcat]
2019-07-03 16:23:47.798  INFO 15866 --- [main] org.apache.catalina.core.StandardEngine  : Starting Servlet engine: [Apache Tomcat/9.0.21]
2019-07-03 16:23:47.875  INFO 15866 --- [main] o.a.c.c.C.[Tomcat].[localhost].[/]       : Initializing Spring embedded WebApplicationContext
2019-07-03 16:23:47.875  INFO 15866 --- [main] o.s.web.context.ContextLoader            : Root WebApplicationContext: initialization completed in 1223 ms
2019-07-03 16:23:48.110  INFO 15866 --- [main] o.s.s.concurrent.ThreadPoolTaskExecutor  : Initializing ExecutorService 'applicationTaskExecutor'
2019-07-03 16:23:48.200  WARN 15866 --- [main] org.thymeleaf.templatemode.TemplateMode  : [THYMELEAF][main] Template Mode 'HTML5' is deprecated. Using Template Mode 'HTML' instead.
2019-07-03 16:23:48.219  INFO 15866 --- [main] o.s.b.a.w.s.WelcomePageHandlerMapping    : Adding welcome page template: index
2019-07-03 16:23:48.302  INFO 15866 --- [main] o.s.b.w.embedded.tomcat.TomcatWebServer  : Tomcat started on port(s): 8090 (http) with context path ''
2019-07-03 16:23:48.306  INFO 15866 --- [main] com.example.demo.DemoApplication         : Started DemoApplication in 2.215 seconds (JVM running for 2.873)
2019-07-03 17:22:03.056  INFO 15866 --- [Thread-7] o.s.s.concurrent.ThreadPoolTaskExecutor  : Shutting down ExecutorService 'applicationTaskExecutor'
2019-07-03 17:22:19.824  INFO 15931 --- [main] com.example.demo.DemoApplication         : Starting DemoApplication on bogon with PID 15931 (/Users/victor/java_project/demo1/target/classes started by victor in /Users/victor/java_project/demo1)
2019-07-03 17:22:19.829  INFO 15931 --- [main] com.example.demo.DemoApplication         : The following profiles are active: test
2019-07-03 17:22:21.076  INFO 15931 --- [main] o.s.b.w.embedded.tomcat.TomcatWebServer  : Tomcat initialized with port(s): 8090 (http)
2019-07-03 17:22:21.103  INFO 15931 --- [main] o.apache.catalina.core.StandardService   : Starting service [Tomcat]
2019-07-03 17:22:21.103  INFO 15931 --- [main] org.apache.catalina.core.StandardEngine  : Starting Servlet engine: [Apache Tomcat/9.0.21]
2019-07-03 17:22:21.199  INFO 15931 --- [main] o.a.c.c.C.[Tomcat].[localhost].[/]       : Initializing Spring embedded WebApplicationContext
2019-07-03 17:22:21.200  INFO 15931 --- [main] o.s.web.context.ContextLoader            : Root WebApplicationContext: initialization completed in 1311 ms
2019-07-03 17:22:21.485  INFO 15931 --- [main] o.s.s.concurrent.ThreadPoolTaskExecutor  : Initializing ExecutorService 'applicationTaskExecutor'
2019-07-03 17:22:21.749  INFO 15931 --- [main] o.s.b.w.embedded.tomcat.TomcatWebServer  : Tomcat started on port(s): 8090 (http) with context path ''
2019-07-03 17:22:21.753  INFO 15931 --- [main] com.example.demo.DemoApplication         : Started DemoApplication in 2.811 seconds (JVM running for 4.744)
2019-07-03 17:23:10.455  INFO 15931 --- [Thread-9] o.s.s.concurrent.ThreadPoolTaskExecutor  : Shutting down ExecutorService 'applicationTaskExecutor'
2019-07-03 17:23:14.118  INFO 15936 --- [main] com.example.demo.DemoApplication         : Starting DemoApplication on bogon with PID 15936 (/Users/victor/java_project/demo1/target/classes started by victor in /Users/victor/java_project/demo1)
2019-07-03 17:23:14.123  INFO 15936 --- [main] com.example.demo.DemoApplication         : The following profiles are active: test
2019-07-03 17:23:22.088  INFO 15939 --- [main] com.example.demo.DemoApplication         : Starting DemoApplication on bogon with PID 15939 (/Users/victor/java_project/demo1/target/classes started by victor in /Users/victor/java_project/demo1)
2019-07-03 17:23:22.092  INFO 15939 --- [main] com.example.demo.DemoApplication         : The following profiles are active: test
2019-07-03 17:23:23.585  INFO 15939 --- [main] o.s.b.w.embedded.tomcat.TomcatWebServer  : Tomcat initialized with port(s): 8090 (http)
2019-07-03 17:23:23.603  INFO 15939 --- [main] o.apache.catalina.core.StandardService   : Starting service [Tomcat]
2019-07-03 17:23:23.604  INFO 15939 --- [main] org.apache.catalina.core.StandardEngine  : Starting Servlet engine: [Apache Tomcat/9.0.21]
2019-07-03 17:23:23.679  INFO 15939 --- [main] o.a.c.c.C.[Tomcat].[localhost].[/]       : Initializing Spring embedded WebApplicationContext
2019-07-03 17:23:23.680  INFO 15939 --- [main] o.s.web.context.ContextLoader            : Root WebApplicationContext: initialization completed in 1478 ms
2019-07-03 17:23:23.900  INFO 15939 --- [main] o.s.s.concurrent.ThreadPoolTaskExecutor  : Initializing ExecutorService 'applicationTaskExecutor'
2019-07-03 17:23:24.066  INFO 15939 --- [main] o.s.b.w.embedded.tomcat.TomcatWebServer  : Tomcat started on port(s): 8090 (http) with context path ''
2019-07-03 17:23:24.069  INFO 15939 --- [main] com.example.demo.DemoApplication         : Started DemoApplication in 2.709 seconds (JVM running for 3.889)
2019-07-03 17:37:14.272  INFO 15939 --- [Thread-9] o.s.s.concurrent.ThreadPoolTaskExecutor  : Shutting down ExecutorService 'applicationTaskExecutor'
2019-07-03 17:37:18.693  INFO 15953 --- [main] com.example.demo.DemoApplication         : Starting DemoApplication on bogon with PID 15953 (/Users/victor/java_project/demo1/target/classes started by victor in /Users/victor/java_project/demo1)
2019-07-03 17:37:18.696  INFO 15953 --- [main] com.example.demo.DemoApplication         : The following profiles are active: test
2019-07-03 17:37:19.790  INFO 15953 --- [main] o.s.b.w.embedded.tomcat.TomcatWebServer  : Tomcat initialized with port(s): 8090 (http)
2019-07-03 17:37:19.809  INFO 15953 --- [main] o.apache.catalina.core.StandardService   : Starting service [Tomcat]
2019-07-03 17:37:19.809  INFO 15953 --- [main] org.apache.catalina.core.StandardEngine  : Starting Servlet engine: [Apache Tomcat/9.0.21]
2019-07-03 17:37:19.876  INFO 15953 --- [main] o.a.c.c.C.[Tomcat].[localhost].[/]       : Initializing Spring embedded WebApplicationContext
2019-07-03 17:37:19.876  INFO 15953 --- [main] o.s.web.context.ContextLoader            : Root WebApplicationContext: initialization completed in 1120 ms
2019-07-03 17:37:20.086  INFO 15953 --- [main] o.s.s.concurrent.ThreadPoolTaskExecutor  : Initializing ExecutorService 'applicationTaskExecutor'
2019-07-03 17:37:20.239  INFO 15953 --- [main] o.s.b.w.embedded.tomcat.TomcatWebServer  : Tomcat started on port(s): 8090 (http) with context path ''
2019-07-03 17:37:20.242  INFO 15953 --- [main] com.example.demo.DemoApplication         : Started DemoApplication in 2.201 seconds (JVM running for 2.962)
2019-07-03 17:37:29.154  INFO 15953 --- [http-nio-8090-exec-1] o.a.c.c.C.[Tomcat].[localhost].[/]       : Initializing Spring DispatcherServlet 'dispatcherServlet'
2019-07-03 17:37:29.154  INFO 15953 --- [http-nio-8090-exec-1] o.s.web.servlet.DispatcherServlet        : Initializing Servlet 'dispatcherServlet'
2019-07-03 17:37:29.160  INFO 15953 --- [http-nio-8090-exec-1] o.s.web.servlet.DispatcherServlet        : Completed initialization in 5 ms
2019-07-03 17:55:21.904  INFO 15953 --- [Thread-7] o.s.s.concurrent.ThreadPoolTaskExecutor  : Shutting down ExecutorService 'applicationTaskExecutor'
2019-07-03 17:55:26.200  INFO 15983 --- [main] com.example.demo.DemoApplication         : Starting DemoApplication on bogon with PID 15983 (/Users/victor/java_project/demo1/target/classes started by victor in /Users/victor/java_project/demo1)
2019-07-03 17:55:26.202  INFO 15983 --- [main] com.example.demo.DemoApplication         : The following profiles are active: test
2019-07-03 17:55:27.190  INFO 15983 --- [main] o.s.b.w.embedded.tomcat.TomcatWebServer  : Tomcat initialized with port(s): 8090 (http)
2019-07-03 17:55:27.210  INFO 15983 --- [main] o.apache.catalina.core.StandardService   : Starting service [Tomcat]
2019-07-03 17:55:27.211  INFO 15983 --- [main] org.apache.catalina.core.StandardEngine  : Starting Servlet engine: [Apache Tomcat/9.0.21]
2019-07-03 17:55:27.288  INFO 15983 --- [main] o.a.c.c.C.[Tomcat].[localhost].[/]       : Initializing Spring embedded WebApplicationContext
2019-07-03 17:55:27.289  INFO 15983 --- [main] o.s.web.context.ContextLoader            : Root WebApplicationContext: initialization completed in 1031 ms
2019-07-03 17:55:27.511  INFO 15983 --- [main] o.s.s.concurrent.ThreadPoolTaskExecutor  : Initializing ExecutorService 'applicationTaskExecutor'
2019-07-03 17:55:27.670  INFO 15983 --- [main] o.s.b.w.embedded.tomcat.TomcatWebServer  : Tomcat started on port(s): 8090 (http) with context path ''
2019-07-03 17:55:27.673  INFO 15983 --- [main] com.example.demo.DemoApplication         : Started DemoApplication in 2.002 seconds (JVM running for 2.617)
2019-07-03 17:55:42.788  INFO 15983 --- [Thread-7] o.s.s.concurrent.ThreadPoolTaskExecutor  : Shutting down ExecutorService 'applicationTaskExecutor'
2019-07-03 17:55:46.971  INFO 15986 --- [main] com.example.demo.DemoApplication         : Starting DemoApplication on bogon with PID 15986 (/Users/victor/java_project/demo1/target/classes started by victor in /Users/victor/java_project/demo1)
2019-07-03 17:55:46.996  INFO 15986 --- [main] com.example.demo.DemoApplication         : The following profiles are active: test
2019-07-03 17:55:48.258  INFO 15986 --- [main] o.s.b.w.embedded.tomcat.TomcatWebServer  : Tomcat initialized with port(s): 8090 (http)
2019-07-03 17:55:48.280  INFO 15986 --- [main] o.apache.catalina.core.StandardService   : Starting service [Tomcat]
2019-07-03 17:55:48.280  INFO 15986 --- [main] org.apache.catalina.core.StandardEngine  : Starting Servlet engine: [Apache Tomcat/9.0.21]
2019-07-03 17:55:48.348  INFO 15986 --- [main] o.a.c.c.C.[Tomcat].[localhost].[/]       : Initializing Spring embedded WebApplicationContext
2019-07-03 17:55:48.348  INFO 15986 --- [main] o.s.web.context.ContextLoader            : Root WebApplicationContext: initialization completed in 1208 ms
2019-07-03 17:55:48.408  WARN 15986 --- [main] ConfigServletWebServerApplicationContext : Exception encountered during context initialization - cancelling refresh attempt: org.springframework.beans.factory.UnsatisfiedDependencyException: Error creating bean with name 'thymeleafController': Unsatisfied dependency expressed through field 'user'; nested exception is org.springframework.beans.factory.NoSuchBeanDefinitionException: No qualifying bean of type 'com.example.demo.bean.User' available: expected at least 1 bean which qualifies as autowire candidate. Dependency annotations: {@org.springframework.beans.factory.annotation.Autowired(required=true)}
2019-07-03 17:55:48.413  INFO 15986 --- [main] o.apache.catalina.core.StandardService   : Stopping service [Tomcat]
2019-07-03 17:55:48.425  INFO 15986 --- [main] ConditionEvaluationReportLoggingListener : 

Error starting ApplicationContext. To display the conditions report re-run your application with 'debug' enabled.
2019-07-03 17:55:48.568 ERROR 15986 --- [main] o.s.b.d.LoggingFailureAnalysisReporter   : 

***************************
APPLICATION FAILED TO START
***************************

Description:

Field user in com.example.demo.controller.ThymeleafController required a bean of type 'com.example.demo.bean.User' that could not be found.

The injection point has the following annotations:
	- @org.springframework.beans.factory.annotation.Autowired(required=true)


Action:

Consider defining a bean of type 'com.example.demo.bean.User' in your configuration.

2019-07-03 17:55:59.546  INFO 15988 --- [main] com.example.demo.DemoApplication         : Starting DemoApplication on bogon with PID 15988 (/Users/victor/java_project/demo1/target/classes started by victor in /Users/victor/java_project/demo1)
2019-07-03 17:55:59.549  INFO 15988 --- [main] com.example.demo.DemoApplication         : The following profiles are active: test
2019-07-03 17:56:00.560  INFO 15988 --- [main] o.s.b.w.embedded.tomcat.TomcatWebServer  : Tomcat initialized with port(s): 8090 (http)
2019-07-03 17:56:00.578  INFO 15988 --- [main] o.apache.catalina.core.StandardService   : Starting service [Tomcat]
2019-07-03 17:56:00.579  INFO 15988 --- [main] org.apache.catalina.core.StandardEngine  : Starting Servlet engine: [Apache Tomcat/9.0.21]
2019-07-03 17:56:00.639  INFO 15988 --- [main] o.a.c.c.C.[Tomcat].[localhost].[/]       : Initializing Spring embedded WebApplicationContext
2019-07-03 17:56:00.639  INFO 15988 --- [main] o.s.web.context.ContextLoader            : Root WebApplicationContext: initialization completed in 982 ms
2019-07-03 17:56:00.842  INFO 15988 --- [main] o.s.s.concurrent.ThreadPoolTaskExecutor  : Initializing ExecutorService 'applicationTaskExecutor'
2019-07-03 17:56:00.991  INFO 15988 --- [main] o.s.b.w.embedded.tomcat.TomcatWebServer  : Tomcat started on port(s): 8090 (http) with context path ''
2019-07-03 17:56:00.995  INFO 15988 --- [main] com.example.demo.DemoApplication         : Started DemoApplication in 1.991 seconds (JVM running for 2.549)
2019-07-03 17:56:15.751  INFO 15988 --- [http-nio-8090-exec-1] o.a.c.c.C.[Tomcat].[localhost].[/]       : Initializing Spring DispatcherServlet 'dispatcherServlet'
2019-07-03 17:56:15.751  INFO 15988 --- [http-nio-8090-exec-1] o.s.web.servlet.DispatcherServlet        : Initializing Servlet 'dispatcherServlet'
2019-07-03 17:56:15.757  INFO 15988 --- [http-nio-8090-exec-1] o.s.web.servlet.DispatcherServlet        : Completed initialization in 6 ms
2019-07-03 17:56:49.310  INFO 15988 --- [Thread-6] o.s.s.concurrent.ThreadPoolTaskExecutor  : Shutting down ExecutorService 'applicationTaskExecutor'
2019-07-03 17:56:53.388  INFO 15998 --- [main] com.example.demo.DemoApplication         : Starting DemoApplication on bogon with PID 15998 (/Users/victor/java_project/demo1/target/classes started by victor in /Users/victor/java_project/demo1)
2019-07-03 17:56:53.393  INFO 15998 --- [main] com.example.demo.DemoApplication         : The following profiles are active: test
2019-07-03 17:56:54.464  INFO 15998 --- [main] o.s.b.w.embedded.tomcat.TomcatWebServer  : Tomcat initialized with port(s): 8090 (http)
2019-07-03 17:56:54.496  INFO 15998 --- [main] o.apache.catalina.core.StandardService   : Starting service [Tomcat]
2019-07-03 17:56:54.496  INFO 15998 --- [main] org.apache.catalina.core.StandardEngine  : Starting Servlet engine: [Apache Tomcat/9.0.21]
2019-07-03 17:56:54.578  INFO 15998 --- [main] o.a.c.c.C.[Tomcat].[localhost].[/]       : Initializing Spring embedded WebApplicationContext
2019-07-03 17:56:54.578  INFO 15998 --- [main] o.s.web.context.ContextLoader            : Root WebApplicationContext: initialization completed in 1074 ms
2019-07-03 17:56:54.798  INFO 15998 --- [main] o.s.s.concurrent.ThreadPoolTaskExecutor  : Initializing ExecutorService 'applicationTaskExecutor'
2019-07-03 17:56:54.969  INFO 15998 --- [main] o.s.b.w.embedded.tomcat.TomcatWebServer  : Tomcat started on port(s): 8090 (http) with context path ''
2019-07-03 17:56:54.972  INFO 15998 --- [main] com.example.demo.DemoApplication         : Started DemoApplication in 2.112 seconds (JVM running for 2.681)
2019-07-03 17:56:59.418  INFO 15998 --- [http-nio-8090-exec-1] o.a.c.c.C.[Tomcat].[localhost].[/]       : Initializing Spring DispatcherServlet 'dispatcherServlet'
2019-07-03 17:56:59.419  INFO 15998 --- [http-nio-8090-exec-1] o.s.web.servlet.DispatcherServlet        : Initializing Servlet 'dispatcherServlet'
2019-07-03 17:56:59.425  INFO 15998 --- [http-nio-8090-exec-1] o.s.web.servlet.DispatcherServlet        : Completed initialization in 6 ms
2019-07-03 17:57:08.628  INFO 15998 --- [Thread-7] o.s.s.concurrent.ThreadPoolTaskExecutor  : Shutting down ExecutorService 'applicationTaskExecutor'
2019-07-03 17:57:13.360  INFO 16006 --- [main] com.example.demo.DemoApplication         : Starting DemoApplication on bogon with PID 16006 (/Users/victor/java_project/demo1/target/classes started by victor in /Users/victor/java_project/demo1)
2019-07-03 17:57:13.364  INFO 16006 --- [main] com.example.demo.DemoApplication         : The following profiles are active: test
2019-07-03 17:57:14.564  INFO 16006 --- [main] o.s.b.w.embedded.tomcat.TomcatWebServer  : Tomcat initialized with port(s): 8090 (http)
2019-07-03 17:57:14.582  INFO 16006 --- [main] o.apache.catalina.core.StandardService   : Starting service [Tomcat]
2019-07-03 17:57:14.583  INFO 16006 --- [main] org.apache.catalina.core.StandardEngine  : Starting Servlet engine: [Apache Tomcat/9.0.21]
2019-07-03 17:57:14.644  INFO 16006 --- [main] o.a.c.c.C.[Tomcat].[localhost].[/]       : Initializing Spring embedded WebApplicationContext
2019-07-03 17:57:14.644  INFO 16006 --- [main] o.s.web.context.ContextLoader            : Root WebApplicationContext: initialization completed in 1147 ms
2019-07-03 17:57:14.833  INFO 16006 --- [main] o.s.s.concurrent.ThreadPoolTaskExecutor  : Initializing ExecutorService 'applicationTaskExecutor'
2019-07-03 17:57:14.991  INFO 16006 --- [main] o.s.b.w.embedded.tomcat.TomcatWebServer  : Tomcat started on port(s): 8090 (http) with context path ''
2019-07-03 17:57:14.994  INFO 16006 --- [main] com.example.demo.DemoApplication         : Started DemoApplication in 2.424 seconds (JVM running for 3.072)
2019-07-03 17:57:28.555  INFO 16006 --- [http-nio-8090-exec-1] o.a.c.c.C.[Tomcat].[localhost].[/]       : Initializing Spring DispatcherServlet 'dispatcherServlet'
2019-07-03 17:57:28.555  INFO 16006 --- [http-nio-8090-exec-1] o.s.web.servlet.DispatcherServlet        : Initializing Servlet 'dispatcherServlet'
2019-07-03 17:57:28.560  INFO 16006 --- [http-nio-8090-exec-1] o.s.web.servlet.DispatcherServlet        : Completed initialization in 5 ms
2019-07-03 17:59:01.494  INFO 16006 --- [Thread-7] o.s.s.concurrent.ThreadPoolTaskExecutor  : Shutting down ExecutorService 'applicationTaskExecutor'
2019-07-03 17:59:06.358  INFO 16014 --- [main] com.example.demo.DemoApplication         : Starting DemoApplication on bogon with PID 16014 (/Users/victor/java_project/demo1/target/classes started by victor in /Users/victor/java_project/demo1)
2019-07-03 17:59:06.360  INFO 16014 --- [main] com.example.demo.DemoApplication         : The following profiles are active: test
2019-07-03 17:59:07.418  INFO 16014 --- [main] o.s.b.w.embedded.tomcat.TomcatWebServer  : Tomcat initialized with port(s): 8090 (http)
2019-07-03 17:59:07.436  INFO 16014 --- [main] o.apache.catalina.core.StandardService   : Starting service [Tomcat]
2019-07-03 17:59:07.437  INFO 16014 --- [main] org.apache.catalina.core.StandardEngine  : Starting Servlet engine: [Apache Tomcat/9.0.21]
2019-07-03 17:59:07.506  INFO 16014 --- [main] o.a.c.c.C.[Tomcat].[localhost].[/]       : Initializing Spring embedded WebApplicationContext
2019-07-03 17:59:07.506  INFO 16014 --- [main] o.s.web.context.ContextLoader            : Root WebApplicationContext: initialization completed in 1097 ms
2019-07-03 17:59:07.704  INFO 16014 --- [main] o.s.s.concurrent.ThreadPoolTaskExecutor  : Initializing ExecutorService 'applicationTaskExecutor'
2019-07-03 17:59:07.782  WARN 16014 --- [main] org.thymeleaf.templatemode.TemplateMode  : [THYMELEAF][main] Template Mode 'HTML5' is deprecated. Using Template Mode 'HTML' instead.
2019-07-03 17:59:07.801  INFO 16014 --- [main] o.s.b.a.w.s.WelcomePageHandlerMapping    : Adding welcome page template: index
2019-07-03 17:59:07.905  INFO 16014 --- [main] o.s.b.w.embedded.tomcat.TomcatWebServer  : Tomcat started on port(s): 8090 (http) with context path ''
2019-07-03 17:59:07.909  INFO 16014 --- [main] com.example.demo.DemoApplication         : Started DemoApplication in 2.022 seconds (JVM running for 2.657)
2019-07-03 17:59:11.831  INFO 16014 --- [http-nio-8090-exec-1] o.a.c.c.C.[Tomcat].[localhost].[/]       : Initializing Spring DispatcherServlet 'dispatcherServlet'
2019-07-03 17:59:11.831  INFO 16014 --- [http-nio-8090-exec-1] o.s.web.servlet.DispatcherServlet        : Initializing Servlet 'dispatcherServlet'
2019-07-03 17:59:11.837  INFO 16014 --- [http-nio-8090-exec-1] o.s.web.servlet.DispatcherServlet        : Completed initialization in 5 ms
2019-07-03 17:59:23.236  INFO 16014 --- [Thread-6] o.s.s.concurrent.ThreadPoolTaskExecutor  : Shutting down ExecutorService 'applicationTaskExecutor'
2019-07-03 17:59:28.875  INFO 16020 --- [main] com.example.demo.DemoApplication         : Starting DemoApplication on bogon with PID 16020 (/Users/victor/java_project/demo1/target/classes started by victor in /Users/victor/java_project/demo1)
2019-07-03 17:59:28.877  INFO 16020 --- [main] com.example.demo.DemoApplication         : The following profiles are active: test
2019-07-03 17:59:30.018  INFO 16020 --- [main] o.s.b.w.embedded.tomcat.TomcatWebServer  : Tomcat initialized with port(s): 8090 (http)
2019-07-03 17:59:30.038  INFO 16020 --- [main] o.apache.catalina.core.StandardService   : Starting service [Tomcat]
2019-07-03 17:59:30.038  INFO 16020 --- [main] org.apache.catalina.core.StandardEngine  : Starting Servlet engine: [Apache Tomcat/9.0.21]
2019-07-03 17:59:30.106  INFO 16020 --- [main] o.a.c.c.C.[Tomcat].[localhost].[/]       : Initializing Spring embedded WebApplicationContext
2019-07-03 17:59:30.106  INFO 16020 --- [main] o.s.web.context.ContextLoader            : Root WebApplicationContext: initialization completed in 1185 ms
2019-07-03 17:59:30.311  INFO 16020 --- [main] o.s.s.concurrent.ThreadPoolTaskExecutor  : Initializing ExecutorService 'applicationTaskExecutor'
2019-07-03 17:59:30.483  INFO 16020 --- [main] o.s.b.w.embedded.tomcat.TomcatWebServer  : Tomcat started on port(s): 8090 (http) with context path ''
2019-07-03 17:59:30.486  INFO 16020 --- [main] com.example.demo.DemoApplication         : Started DemoApplication in 2.059 seconds (JVM running for 2.635)
2019-07-03 17:59:38.923  INFO 16020 --- [http-nio-8090-exec-1] o.a.c.c.C.[Tomcat].[localhost].[/]       : Initializing Spring DispatcherServlet 'dispatcherServlet'
2019-07-03 17:59:38.924  INFO 16020 --- [http-nio-8090-exec-1] o.s.web.servlet.DispatcherServlet        : Initializing Servlet 'dispatcherServlet'
2019-07-03 17:59:38.931  INFO 16020 --- [http-nio-8090-exec-1] o.s.web.servlet.DispatcherServlet        : Completed initialization in 7 ms
2019-07-03 17:59:47.193  INFO 16020 --- [Thread-6] o.s.s.concurrent.ThreadPoolTaskExecutor  : Shutting down ExecutorService 'applicationTaskExecutor'
2019-07-03 17:59:52.779  INFO 16025 --- [main] com.example.demo.DemoApplication         : Starting DemoApplication on bogon with PID 16025 (/Users/victor/java_project/demo1/target/classes started by victor in /Users/victor/java_project/demo1)
2019-07-03 17:59:52.781  INFO 16025 --- [main] com.example.demo.DemoApplication         : The following profiles are active: test
2019-07-03 17:59:53.906  INFO 16025 --- [main] o.s.b.w.embedded.tomcat.TomcatWebServer  : Tomcat initialized with port(s): 8090 (http)
2019-07-03 17:59:53.928  INFO 16025 --- [main] o.apache.catalina.core.StandardService   : Starting service [Tomcat]
2019-07-03 17:59:53.929  INFO 16025 --- [main] org.apache.catalina.core.StandardEngine  : Starting Servlet engine: [Apache Tomcat/9.0.21]
2019-07-03 17:59:53.998  INFO 16025 --- [main] o.a.c.c.C.[Tomcat].[localhost].[/]       : Initializing Spring embedded WebApplicationContext
2019-07-03 17:59:53.998  INFO 16025 --- [main] o.s.web.context.ContextLoader            : Root WebApplicationContext: initialization completed in 1156 ms
2019-07-03 17:59:54.215  INFO 16025 --- [main] o.s.s.concurrent.ThreadPoolTaskExecutor  : Initializing ExecutorService 'applicationTaskExecutor'
2019-07-03 17:59:54.305  WARN 16025 --- [main] org.thymeleaf.templatemode.TemplateMode  : [THYMELEAF][main] Template Mode 'HTML5' is deprecated. Using Template Mode 'HTML' instead.
2019-07-03 17:59:54.326  INFO 16025 --- [main] o.s.b.a.w.s.WelcomePageHandlerMapping    : Adding welcome page template: index
2019-07-03 17:59:54.412  INFO 16025 --- [main] o.s.b.w.embedded.tomcat.TomcatWebServer  : Tomcat started on port(s): 8090 (http) with context path ''
2019-07-03 17:59:54.415  INFO 16025 --- [main] com.example.demo.DemoApplication         : Started DemoApplication in 2.062 seconds (JVM running for 2.642)
2019-07-03 17:59:57.034  INFO 16025 --- [http-nio-8090-exec-1] o.a.c.c.C.[Tomcat].[localhost].[/]       : Initializing Spring DispatcherServlet 'dispatcherServlet'
2019-07-03 17:59:57.034  INFO 16025 --- [http-nio-8090-exec-1] o.s.web.servlet.DispatcherServlet        : Initializing Servlet 'dispatcherServlet'
2019-07-03 17:59:57.041  INFO 16025 --- [http-nio-8090-exec-1] o.s.web.servlet.DispatcherServlet        : Completed initialization in 6 ms
2019-07-03 18:00:18.239  INFO 16025 --- [Thread-6] o.s.s.concurrent.ThreadPoolTaskExecutor  : Shutting down ExecutorService 'applicationTaskExecutor'
